<?xml version="1.0" encoding="UTF-8"?>
<!-- Generated by org.testng.reporters.JUnitXMLReporter -->
<testsuite hostname="DESKTOP-JI54U4I" ignored="0" name="Testfirefox" tests="1" failures="0" timestamp="30 May 2021 20:14:59 GMT" time="0.062" errors="0">
  <testcase name="@BeforeClass setUp" time="0.046" classname="tests.PhpTravelsSignUp">
    <failure type="java.lang.IllegalStateException" message="The driver executable does not exist: D:\ATOS_Preperation\ATOS-Task\task\src\test\java\resources.drivers\geckodriver.exe">
      <![CDATA[java.lang.IllegalStateException: The driver executable does not exist: D:\ATOS_Preperation\ATOS-Task\task\src\test\java\resources.drivers\geckodriver.exe
at com.google.common.base.Preconditions.checkState(Preconditions.java:585)
at org.openqa.selenium.remote.service.DriverService.checkExecutable(DriverService.java:146)
at org.openqa.selenium.remote.service.DriverService.findExecutable(DriverService.java:141)
at org.openqa.selenium.firefox.GeckoDriverService.access$100(GeckoDriverService.java:44)
at org.openqa.selenium.firefox.GeckoDriverService$Builder.findDefaultExecutable(GeckoDriverService.java:167)
at org.openqa.selenium.remote.service.DriverService$Builder.build(DriverService.java:355)
at org.openqa.selenium.firefox.FirefoxDriver.toExecutor(FirefoxDriver.java:190)
at org.openqa.selenium.firefox.FirefoxDriver.<init>(FirefoxDriver.java:147)
at org.openqa.selenium.firefox.FirefoxDriver.<init>(FirefoxDriver.java:125)
at tests.PhpTravelsSignUp.setUp(PhpTravelsSignUp.java:51)
... Removed 26 stack frames]]>
    </failure>
  </testcase> <!-- @BeforeClass setUp -->
  <testcase name="@BeforeMethod navigation" time="0.0" classname="tests.PhpTravelsSignUp">
    <skipped/>
  </testcase> <!-- @BeforeMethod navigation -->
  <testcase name="@AfterMethod assertUrl" time="0.0" classname="tests.PhpTravelsSignUp">
    <skipped/>
  </testcase> <!-- @AfterMethod assertUrl -->
  <testcase name="@AfterClass close" time="0.0" classname="tests.PhpTravelsSignUp">
    <skipped/>
  </testcase> <!-- @AfterClass close -->
  <testcase name="fullScenario" time="0.0" classname="tests.PhpTravelsSignUp">
    <skipped/>
  </testcase> <!-- fullScenario -->
</testsuite> <!-- Testfirefox -->
